<?xml version="1.0" encoding="UTF-8"?>
<testsuite xmlns:xsi="http://www.w3.org/2001/XMLSchema-instance" xsi:noNamespaceSchemaLocation="https://maven.apache.org/surefire/maven-surefire-plugin/xsd/surefire-test-report-3.0.xsd" version="3.0" name="TestSuite" time="18.786" tests="2" errors="0" skipped="0" failures="0">
  <properties>
[...]
</properties>
  <testcase name="YTubeLanding" classname="org.Testing.TestScript.TC1" time="7.862"/>
  <testcase name="FBLanding" classname="org.Testing.TestScript.TC2" time="10.209"/>
</testsuite>